-------------------------------------------------------------------------------
Test set: megacitycab.UserServiceTest
-------------------------------------------------------------------------------
Tests run: 3, Failures: 0, Errors: 3, Skipped: 0, Time elapsed: 0.082 s <<< FAILURE! - in megacitycab.UserServiceTest
testValidateUser_UserNotFound(megacitycab.UserServiceTest)  Time elapsed: 0.075 s  <<< ERROR!
java.lang.NullPointerException: Cannot invoke "com.megacity.service.UserService.validateUser(String, String)" because "this.userService" is null
	at megacitycab.UserServiceTest.testValidateUser_UserNotFound(UserServiceTest.java:43)

testValidateUser_NullInput(megacitycab.UserServiceTest)  Time elapsed: 0.003 s  <<< ERROR!
java.lang.NullPointerException: Cannot invoke "com.megacity.service.UserService.validateUser(String, String)" because "this.userService" is null
	at megacitycab.UserServiceTest.testValidateUser_NullInput(UserServiceTest.java:49)

testValidateUser_Success(megacitycab.UserServiceTest)  Time elapsed: 0.004 s  <<< ERROR!
java.lang.NullPointerException: Cannot invoke "com.megacity.service.UserService.validateUser(String, String)" because "this.userService" is null
	at megacitycab.UserServiceTest.testValidateUser_Success(UserServiceTest.java:33)

